2016-11-01 09:23:28,891 ******************Export Flushing Report******************
2016-11-01 09:24:53,358 ******************Export Flushing Report******************
2016-11-01 09:26:28,029 ******************Export Flushing Report******************
2016-11-01 09:26:34,372 572 RPUD.SewerMainFlushing reports for Oct, 2016
2016-11-01 09:26:37,276 50 RPUD.SewerMHFlushing reports for Oct, 2016
2016-11-01 09:26:37,463 Email sent to sewer
2016-11-01 09:29:58,798 ******************Export Flushing Report******************
2016-11-01 09:30:04,559 572 RPUD.SewerMainFlushing reports for Oct, 2016
2016-11-01 09:30:07,463 50 RPUD.SewerMHFlushing reports for Oct, 2016
2016-11-01 09:30:07,586 Email sent to sewer
2016-11-09 09:58:24,332 ******************Export Flushing Report******************
2016-11-09 09:58:32,088 572 RPUD.SewerMainFlushing reports for Oct, 2016
2016-11-09 09:58:35,246 50 RPUD.SewerMHFlushing reports for Oct, 2016
2016-11-09 09:58:35,510 Email sent to sewer
2016-12-05 09:06:54,823 ******************Export Flushing Report******************
2016-12-05 09:07:11,055 925 RPUD.SewerMainFlushing reports for Nov, 2016
2016-12-05 09:07:16,131 40 RPUD.SewerMHFlushing reports for Nov, 2016
2016-12-05 09:07:16,494 Email sent to sewer
2017-01-09 09:10:31,022 ******************Export Flushing Report******************
2017-01-09 09:37:22,762 ******************Export Flushing Report******************
2017-01-09 09:37:39,247 506 RPUD.SewerMainFlushing reports for Dec, 2016
2017-01-09 09:37:43,229 13 RPUD.SewerMHFlushing reports for Dec, 2016
2017-01-09 09:38:29,051 ******************Export Flushing Report******************
2017-01-09 09:38:45,542 506 RPUD.SewerMainFlushing reports for Dec, 2016
2017-01-09 09:38:50,535 13 RPUD.SewerMHFlushing reports for Dec, 2016
2017-01-09 09:38:50,838 Email sent to sewer
