2016-07-06 12:28:01,395 **************************************Export Flushing Report***********************************************
2016-07-06 12:28:01,395 Input table is: RPUD.SewerMainFlushing
2016-07-06 12:28:01,395 Output Excel file is: RPUD.SewerMainFlushing_20160705.xls
2016-07-06 12:28:01,395 Exporting table to Excel...
2016-07-06 12:28:07,170 34 RPUD.SewerMainFlushing reports for Jul 05, 2016
2016-07-06 12:28:08,635 RPUD.SewerMainFlushing_20160705.xls has been exported.
2016-07-06 12:28:08,683 **************************************Export Flushing Report***********************************************
2016-07-06 12:28:08,683 Input table is: RPUD.SewerMHFlushing
2016-07-06 12:28:08,683 Output Excel file is: RPUD.SewerMHFlushing_20160705.xls
2016-07-06 12:28:08,683 Exporting table to Excel...
2016-07-06 12:28:10,556 1 RPUD.SewerMHFlushing reports for Jul 05, 2016
2016-07-06 12:28:11,196 RPUD.SewerMHFlushing_20160705.xls has been exported.
2016-07-06 12:28:11,273 Combining reports...
2016-07-06 12:28:11,321 Email sent to sewer
2016-07-06 12:28:11,321 message attached
2016-07-06 12:28:11,336 Connected to server
2016-07-06 12:28:11,759 Sending Email...
2016-07-06 12:28:11,759 Email sent
2016-07-06 12:28:11,759 Email notification to GIS team
2016-07-07 07:03:24,141 *************Export Flushing Report*************
2016-07-07 07:03:24,161 Input table is: RPUD.SewerMainFlushing
2016-07-07 07:03:24,161 Output Excel file is: RPUD.SewerMainFlushing_20160706.xls
2016-07-07 07:03:24,161 Exporting table to Excel...
2016-07-07 07:03:30,355 39 RPUD.SewerMainFlushing reports for Jul 06, 2016
2016-07-07 07:03:31,464 RPUD.SewerMainFlushing_20160706.xls has been exported.
2016-07-07 07:03:31,525 *************Export Flushing Report*************
2016-07-07 07:03:31,525 Input table is: RPUD.SewerMHFlushing
2016-07-07 07:03:31,525 Output Excel file is: RPUD.SewerMHFlushing_20160706.xls
2016-07-07 07:03:31,525 Exporting table to Excel...
2016-07-07 07:03:33,759 2 RPUD.SewerMHFlushing reports for Jul 06, 2016
2016-07-07 07:03:34,305 RPUD.SewerMHFlushing_20160706.xls has been exported.
2016-07-07 07:03:34,380 Combining reports...
2016-07-07 07:03:34,424 message attached
2016-07-07 07:03:34,450 Connected to server
2016-07-07 07:03:34,490 Sending Email...
2016-07-07 07:03:34,494 Email sent
2016-07-07 07:03:34,494 Email sent to sewer
2016-07-07 07:03:34,505 message attached
2016-07-07 07:03:34,505 Connected to server
2016-07-07 07:03:34,519 Sending Email...
2016-07-07 07:03:34,525 Email sent
2016-07-07 07:03:34,525 Email notification to GIS team
2016-07-08 07:02:59,984 *************Export Flushing Report*************
2016-07-08 07:03:00,015 Input table is: RPUD.SewerMainFlushing
2016-07-08 07:03:00,015 Output Excel file is: RPUD.SewerMainFlushing_20160707.xls
2016-07-08 07:03:00,015 Exporting table to Excel...
2016-07-08 07:03:09,279 33 RPUD.SewerMainFlushing reports for Jul 07, 2016
2016-07-08 07:03:10,631 RPUD.SewerMainFlushing_20160707.xls has been exported.
2016-07-08 07:03:10,717 *************Export Flushing Report*************
2016-07-08 07:03:10,717 Input table is: RPUD.SewerMHFlushing
2016-07-08 07:03:10,717 Output Excel file is: RPUD.SewerMHFlushing_20160707.xls
2016-07-08 07:03:10,717 Exporting table to Excel...
2016-07-08 07:03:13,832 1 RPUD.SewerMHFlushing reports for Jul 07, 2016
2016-07-08 07:03:14,463 RPUD.SewerMHFlushing_20160707.xls has been exported.
2016-07-08 07:03:14,538 Combining reports...
2016-07-08 07:03:14,588 message attached
2016-07-08 07:03:14,622 Connected to server
2016-07-08 07:03:14,713 Sending Email...
2016-07-08 07:03:14,723 Email sent
2016-07-08 07:03:14,723 Email sent to sewer
2016-07-08 07:03:14,733 message attached
2016-07-08 07:03:14,737 Connected to server
2016-07-08 07:03:14,747 Sending Email...
2016-07-08 07:03:14,757 Email sent
2016-07-08 07:03:14,757 Email notification to GIS team
2016-07-09 23:57:36,983 *************Export Flushing Report*************
2016-07-09 23:57:36,997 Input table is: RPUD.SewerMainFlushing
2016-07-09 23:57:36,997 Output Excel file is: RPUD.SewerMainFlushing_20160708.xls
2016-07-09 23:57:36,997 Exporting table to Excel...
2016-07-09 23:57:48,900 1 RPUD.SewerMainFlushing reports for Jul 08, 2016
2016-07-09 23:57:50,875 RPUD.SewerMainFlushing_20160708.xls has been exported.
2016-07-09 23:57:50,937 *************Export Flushing Report*************
2016-07-09 23:57:50,937 Input table is: RPUD.SewerMHFlushing
2016-07-09 23:57:50,937 Output Excel file is: RPUD.SewerMHFlushing_20160708.xls
2016-07-09 23:57:50,937 Exporting table to Excel...
2016-07-09 23:57:52,992 2 RPUD.SewerMHFlushing reports for Jul 08, 2016
2016-07-09 23:57:53,598 RPUD.SewerMHFlushing_20160708.xls has been exported.
2016-07-09 23:57:53,661 Combining reports...
2016-07-09 23:57:53,785 message attached
2016-07-09 23:57:53,801 Connected to server
2016-07-09 23:57:54,158 Sending Email...
2016-07-09 23:57:54,204 Email sent
2016-07-09 23:57:54,204 Email sent to sewer
2016-07-09 23:57:54,204 message attached
2016-07-09 23:57:54,220 Connected to server
2016-07-09 23:57:54,220 Sending Email...
2016-07-09 23:57:54,236 Email sent
2016-07-09 23:57:54,236 Email notification to GIS team
2016-07-10 11:13:57,542 *************Export Flushing Report*************
2016-07-10 11:13:57,562 Input table is: RPUD.SewerMainFlushing
2016-07-10 11:13:57,562 Output Excel file is: RPUD.SewerMainFlushing_20160709.xls
2016-07-10 11:13:57,562 Exporting table to Excel...
2016-07-10 11:14:07,687 0 RPUD.SewerMainFlushing reports for Jul 09, 2016
2016-07-10 11:14:09,367 RPUD.SewerMainFlushing_20160709.xls has been exported.
2016-07-10 11:14:09,427 *************Export Flushing Report*************
2016-07-10 11:14:09,427 Input table is: RPUD.SewerMHFlushing
2016-07-10 11:14:09,427 Output Excel file is: RPUD.SewerMHFlushing_20160709.xls
2016-07-10 11:14:09,427 Exporting table to Excel...
2016-07-10 11:14:11,451 0 RPUD.SewerMHFlushing reports for Jul 09, 2016
2016-07-10 11:14:12,046 RPUD.SewerMHFlushing_20160709.xls has been exported.
2016-07-10 11:14:12,076 Combining reports...
2016-07-10 11:14:12,131 message attached
2016-07-10 11:14:12,137 Connected to server
2016-07-10 11:14:12,191 Sending Email...
2016-07-10 11:14:12,197 Email sent
2016-07-10 11:14:12,197 Email sent to sewer
2016-07-10 11:14:12,201 message attached
2016-07-10 11:14:12,207 Connected to server
2016-07-10 11:14:12,221 Sending Email...
2016-07-10 11:14:12,226 Email sent
2016-07-10 11:14:12,226 Email notification to GIS team
2016-07-11 07:01:36,878 *************Export Flushing Report*************
2016-07-11 07:01:36,878 Input table is: RPUD.SewerMainFlushing
2016-07-11 07:01:36,878 Output Excel file is: RPUD.SewerMainFlushing_20160710.xls
2016-07-11 07:01:36,878 Exporting table to Excel...
2016-07-11 07:01:42,628 7 RPUD.SewerMainFlushing reports for Jul 10, 2016
2016-07-11 07:01:43,648 RPUD.SewerMainFlushing_20160710.xls has been exported.
2016-07-11 07:01:43,703 *************Export Flushing Report*************
2016-07-11 07:01:43,703 Input table is: RPUD.SewerMHFlushing
2016-07-11 07:01:43,703 Output Excel file is: RPUD.SewerMHFlushing_20160710.xls
2016-07-11 07:01:43,703 Exporting table to Excel...
2016-07-11 07:01:45,789 0 RPUD.SewerMHFlushing reports for Jul 10, 2016
2016-07-11 07:01:46,319 RPUD.SewerMHFlushing_20160710.xls has been exported.
2016-07-11 07:01:46,348 Combining reports...
2016-07-11 07:01:46,384 message attached
2016-07-11 07:01:46,394 Connected to server
2016-07-11 07:01:47,648 Sending Email...
2016-07-11 07:01:47,654 Email sent
2016-07-11 07:01:47,654 Email sent to sewer
2016-07-11 07:01:47,664 message attached
2016-07-11 07:01:47,668 Connected to server
2016-07-11 07:01:47,678 Sending Email...
2016-07-11 07:01:47,684 Email sent
2016-07-11 07:01:47,684 Email notification to GIS team
2016-07-11 09:44:49,970 ******************Export Flushing Report******************
2016-07-11 09:44:49,970 Input table is: RPUD.SewerMainFlushing
2016-07-11 09:44:49,970 Output Excel file is: RPUD.SewerMainFlushing_20160710.xls
2016-07-11 09:44:56,367 7 RPUD.SewerMainFlushing reports for Jul 10, 2016
2016-07-11 09:44:57,240 RPUD.SewerMainFlushing_20160710.xls has been exported.
2016-07-11 09:44:57,302 ******************Export Flushing Report******************
2016-07-11 09:44:57,302 Input table is: RPUD.SewerMHFlushing
2016-07-11 09:44:57,302 Output Excel file is: RPUD.SewerMHFlushing_20160710.xls
2016-07-11 09:44:59,315 0 RPUD.SewerMHFlushing reports for Jul 10, 2016
2016-07-11 09:44:59,956 RPUD.SewerMHFlushing_20160710.xls has been exported.
2016-07-11 09:45:00,003 Email sent to sewer
2016-07-11 09:45:00,019 message attached
2016-07-11 09:45:00,049 Email sent
2016-07-11 09:45:00,049 Email notification to GIS team
2016-07-11 09:46:26,421 ******************Export Flushing Report******************
2016-07-11 09:46:26,421 Input table is: RPUD.SewerMainFlushing
2016-07-11 09:46:26,421 Output Excel file is: RPUD.SewerMainFlushing_20160710.xls
2016-07-11 09:46:32,381 7 RPUD.SewerMainFlushing reports for Jul 10, 2016
2016-07-11 09:46:33,068 RPUD.SewerMainFlushing_20160710.xls has been exported.
2016-07-11 09:46:33,131 ******************Export Flushing Report******************
2016-07-11 09:46:33,131 Input table is: RPUD.SewerMHFlushing
2016-07-11 09:46:33,131 Output Excel file is: RPUD.SewerMHFlushing_20160710.xls
2016-07-11 09:46:35,128 0 RPUD.SewerMHFlushing reports for Jul 10, 2016
2016-07-11 09:46:35,720 RPUD.SewerMHFlushing_20160710.xls has been exported.
2016-07-11 09:46:35,766 Email sent to sewer
2016-07-11 09:46:35,766 message attached
2016-07-11 09:46:35,798 Email sent
2016-07-11 09:46:35,798 Email notification to GIS team
2016-07-11 10:28:24,213 ******************Export Flushing Report******************
2016-07-11 10:28:31,066 Input table is: RPUD.SewerMainFlushing
2016-07-11 10:28:31,066 Output Excel file is: RPUD.SewerMainFlushing_20160710.xls
2016-07-11 10:28:36,979 7 RPUD.SewerMainFlushing reports for Jul 10, 2016
2016-07-11 10:28:37,805 RPUD.SewerMainFlushing_20160710.xls has been exported.
2016-07-11 10:28:37,852 Input table is: RPUD.SewerMHFlushing
2016-07-11 10:28:37,852 Output Excel file is: RPUD.SewerMHFlushing_20160710.xls
2016-07-11 10:28:39,973 0 RPUD.SewerMHFlushing reports for Jul 10, 2016
2016-07-11 10:28:40,598 RPUD.SewerMHFlushing_20160710.xls has been exported.
2016-07-11 10:28:40,628 Report Merged: //corfile/Public_Utilities_NS/5215_Capital_Improvement_Projects/636_Geographic_Info_System/Joe/Collector App/Flushing app/Daily Report/FlushingReport_20160710.xls
2016-07-11 10:28:40,661 Email sent to sewer
2016-07-11 10:28:40,691 Email notification to GIS team
2016-07-12 00:14:41,490 ******************Export Flushing Report******************
2016-07-12 00:14:48,164 Input table is: RPUD.SewerMainFlushing
2016-07-12 00:14:48,164 Output Excel file is: RPUD.SewerMainFlushing_20160711.xls
2016-07-12 00:14:54,351 20 RPUD.SewerMainFlushing reports for Jul 11, 2016
2016-07-12 00:14:55,770 RPUD.SewerMainFlushing_20160711.xls has been exported.
2016-07-12 00:14:55,825 Input table is: RPUD.SewerMHFlushing
2016-07-12 00:14:55,825 Output Excel file is: RPUD.SewerMHFlushing_20160711.xls
2016-07-12 00:14:57,851 2 RPUD.SewerMHFlushing reports for Jul 11, 2016
2016-07-12 00:14:58,415 RPUD.SewerMHFlushing_20160711.xls has been exported.
2016-07-12 00:14:58,526 Report Merged: //corfile/Public_Utilities_NS/5215_Capital_Improvement_Projects/636_Geographic_Info_System/Joe/Collector App/Flushing app/Daily Report/FlushingReport_20160711.xls
2016-07-12 00:14:58,736 Email sent to sewer
2016-07-12 00:14:58,770 Email notification to GIS team
2016-08-02 11:21:51,576 ******************Export Flushing Report******************
2016-08-02 11:21:59,532 Input table is: RPUD.SewerMainFlushing
2016-08-02 11:21:59,532 Output Excel file is: RPUD.SewerMainFlushing_20160701.xls
2016-08-02 11:22:10,019 435 RPUD.SewerMainFlushing reports for Jul 01, 2016
2016-08-02 11:22:12,109 RPUD.SewerMainFlushing_20160701.xls has been exported.
2016-08-02 11:22:12,157 Input table is: RPUD.SewerMHFlushing
2016-08-02 11:22:12,157 Output Excel file is: RPUD.SewerMHFlushing_20160701.xls
2016-08-02 11:22:14,341 39 RPUD.SewerMHFlushing reports for Jul 01, 2016
2016-08-02 11:22:14,957 RPUD.SewerMHFlushing_20160701.xls has been exported.
2016-08-02 11:22:15,497 Report Merged: //corfile/Public_Utilities_NS/5215_Capital_Improvement_Projects/636_Geographic_Info_System/Joe/Collector App/Flushing app/Daily Report/FlushingReport_20160701.xls
2016-08-02 11:22:16,017 Email notification to GIS team
2016-08-03 14:11:37,676 ******************Export Flushing Report******************
2016-08-03 14:11:45,153 Input table is: RPUD.SewerMainFlushing
2016-08-03 14:11:45,153 Output Excel file is: RPUD.SewerMainFlushing_20160802.xls
2016-08-03 14:11:52,243 0 RPUD.SewerMainFlushing reports for Aug 02, 2016
2016-08-03 14:13:21,244 ******************Export Flushing Report******************
2016-08-03 14:13:28,128 Input table is: RPUD.SewerMainFlushing
2016-08-03 14:13:28,128 Output Excel file is: RPUD.SewerMainFlushing_20160802.xls
2016-08-03 14:13:34,444 0 RPUD.SewerMainFlushing reports for Aug 02, 2016
2016-08-03 14:14:40,315 ******************Export Flushing Report******************
2016-08-03 14:14:47,540 Input table is: RPUD.SewerMainFlushing
2016-08-03 14:14:47,540 Output Excel file is: RPUD.SewerMainFlushing_20160802.xls
2016-08-03 14:14:53,765 0 RPUD.SewerMainFlushing reports for Aug 02, 2016
2016-08-03 16:47:00,282 ******************Export Flushing Report******************
2016-08-03 16:47:08,417 Input table is: RPUD.SewerMainFlushing
2016-08-03 16:47:08,417 Output Excel file is: RPUD.SewerMainFlushing_20160802.xls
2016-08-03 16:47:15,848 28 RPUD.SewerMainFlushing reports for Aug 02, 2016
2016-08-03 16:47:18,224 RPUD.SewerMainFlushing_20160802.xls has been exported.
2016-08-03 16:47:18,288 Input table is: RPUD.SewerMHFlushing
2016-08-03 16:47:18,288 Output Excel file is: RPUD.SewerMHFlushing_20160802.xls
2016-08-03 16:47:20,500 3 RPUD.SewerMHFlushing reports for Aug 02, 2016
2016-08-03 16:47:21,137 RPUD.SewerMHFlushing_20160802.xls has been exported.
2016-08-03 16:47:21,262 Report Merged: //corfile/Public_Utilities_NS/5215_Capital_Improvement_Projects/636_Geographic_Info_System/Joe/Collector App/Flushing app/Daily Report/FlushingReport_20160802.xls
2016-08-03 16:47:21,464 Email notification to GIS team
2016-08-08 12:20:48,282 ******************Export Flushing Report******************
2016-08-08 12:20:56,503 49 RPUD.SewerMainFlushing reports for Aug 07, 2016
2016-08-08 12:20:59,108 1 RPUD.SewerMHFlushing reports for Aug 07, 2016
2016-08-08 12:20:59,325 Email sent to sewer
2016-08-08 14:01:03,105 ******************Export Flushing Report******************
2016-08-08 14:01:09,957 49 RPUD.SewerMainFlushing reports for Aug 07, 2016
2016-08-08 14:01:12,528 1 RPUD.SewerMHFlushing reports for Aug 07, 2016
2016-08-08 14:10:54,061 ******************Export Flushing Report******************
2016-08-08 14:11:00,733 49 RPUD.SewerMainFlushing reports for Aug 07, 2016
2016-08-08 14:11:03,168 1 RPUD.SewerMHFlushing reports for Aug 07, 2016
2016-08-08 14:11:03,234 Email sent to sewer
2016-08-08 14:13:47,858 ******************Export Flushing Report******************
2016-08-08 14:13:54,341 49 RPUD.SewerMainFlushing reports for Aug 07, 2016
2016-08-08 14:13:56,805 1 RPUD.SewerMHFlushing reports for Aug 07, 2016
2016-08-08 14:13:56,849 Email sent to sewer
2016-08-08 14:15:43,456 ******************Export Flushing Report******************
2016-08-08 14:15:49,828 49 RPUD.SewerMainFlushing reports for Aug 07, 2016
2016-08-08 14:17:18,196 ******************Export Flushing Report******************
2016-08-08 14:17:24,778 49 RPUD.SewerMainFlushing reports for Aug 07, 2016
2016-08-08 14:17:27,194 1 RPUD.SewerMHFlushing reports for Aug 07, 2016
2016-08-08 14:17:27,236 Email sent to sewer
2016-08-08 14:29:02,323 ******************Export Flushing Report******************
2016-08-08 14:29:08,924 49 RPUD.SewerMainFlushing reports for Aug 07, 2016
2016-08-08 14:29:11,355 1 RPUD.SewerMHFlushing reports for Aug 07, 2016
2016-08-08 14:29:11,401 Email sent to sewer
2016-08-09 09:33:53,552 ******************Export Flushing Report******************
2016-08-09 09:34:00,397 58 RPUD.SewerMainFlushing reports for Aug 08, 2016
2016-08-09 09:38:24,186 ******************Export Flushing Report******************
2016-08-09 09:38:31,361 58 RPUD.SewerMainFlushing reports for Aug 08, 2016
2016-08-09 10:08:06,180 ******************Export Flushing Report******************
2016-08-09 10:08:13,407 58 RPUD.SewerMainFlushing reports for Aug 08, 2016
2016-08-09 10:08:15,894 2 RPUD.SewerMHFlushing reports for Aug 08, 2016
2016-08-09 10:08:16,174 Email sent to sewer
2016-08-09 10:10:25,888 ******************Export Flushing Report******************
2016-08-09 10:10:32,289 58 RPUD.SewerMainFlushing reports for Aug 08, 2016
2016-08-09 10:11:29,867 ******************Export Flushing Report******************
2016-08-09 10:11:36,428 58 RPUD.SewerMainFlushing reports for Aug 08, 2016
2016-08-09 10:11:38,759 2 RPUD.SewerMHFlushing reports for Aug 08, 2016
2016-08-09 10:11:38,808 Email sent to sewer
2016-08-15 10:26:38,255 ******************Export Flushing Report******************
2016-08-15 10:26:50,640 19 RPUD.SewerMainFlushing reports for Aug 14, 2016
2016-08-15 10:26:53,119 0 RPUD.SewerMHFlushing reports for Aug 14, 2016
2016-08-15 10:30:42,387 ******************Export Flushing Report******************
2016-08-15 10:30:48,825 19 RPUD.SewerMainFlushing reports for Aug 14, 2016
2016-08-15 10:30:51,058 0 RPUD.SewerMHFlushing reports for Aug 14, 2016
2016-08-15 10:37:35,460 ******************Export Flushing Report******************
2016-08-15 10:37:41,918 19 RPUD.SewerMainFlushing reports for Aug 14, 2016
2016-08-15 10:37:44,095 0 RPUD.SewerMHFlushing reports for Aug 14, 2016
2016-08-15 10:37:44,414 Email sent to sewer
2016-08-15 10:43:22,934 ******************Export Flushing Report******************
2016-08-15 10:43:29,296 19 RPUD.SewerMainFlushing reports for Aug 14, 2016
2016-08-15 10:43:31,559 0 RPUD.SewerMHFlushing reports for Aug 14, 2016
2016-08-15 10:46:47,519 ******************Export Flushing Report******************
2016-08-15 10:46:54,079 19 RPUD.SewerMainFlushing reports for Aug 14, 2016
2016-08-15 10:46:56,434 0 RPUD.SewerMHFlushing reports for Aug 14, 2016
2016-08-15 10:46:56,477 Email sent to sewer
2016-08-15 10:55:01,091 ******************Export Flushing Report******************
2016-08-15 10:55:07,312 19 RPUD.SewerMainFlushing reports for Aug 14, 2016
2016-08-15 10:55:09,500 0 RPUD.SewerMHFlushing reports for Aug 14, 2016
2016-08-15 10:55:09,542 Email sent to sewer
2016-09-08 09:52:02,224 ******************Export Flushing Report******************
2016-09-08 09:52:11,556 0 RPUD.SewerMainFlushing reports for Sep 07, 2016
2016-09-08 09:52:13,724 0 RPUD.SewerMHFlushing reports for Sep 07, 2016
2016-09-08 09:52:13,848 Email sent to sewer
2016-09-08 11:25:06,532 ******************Export Flushing Report******************
2016-09-08 11:25:15,476 0 RPUD.SewerMainFlushing reports for Sep 07, 2016
2016-09-08 11:25:17,661 0 RPUD.SewerMHFlushing reports for Sep 07, 2016
2016-09-08 11:25:17,786 Email sent to sewer
2016-11-06 15:21:38,723 ******************Export Flushing Report******************
2016-11-06 15:21:45,059 28 RPUD.SewerMainFlushing reports for Nov 05, 2016
2016-11-06 15:21:47,176 1 RPUD.SewerMHFlushing reports for Nov 05, 2016
2016-11-06 15:21:47,384 Email sent to sewer
2016-11-06 15:30:08,283 ******************Export Flushing Report******************
2016-11-06 15:30:14,618 28 RPUD.SewerMainFlushing reports for Nov 05, 2016
2016-11-06 15:30:16,634 1 RPUD.SewerMHFlushing reports for Nov 05, 2016
2016-11-06 15:30:16,678 Email sent to sewer
2016-11-15 11:07:27,318 ******************Export Flushing Report******************
2016-11-15 11:07:37,724 17 RPUD.SewerMainFlushing reports for Nov 14, 2016
2016-11-15 11:10:59,726 ******************Export Flushing Report******************
2016-11-15 11:11:05,805 17 RPUD.SewerMainFlushing reports for Nov 14, 2016
2016-11-15 11:11:12,676 ******************Export Flushing Report******************
2016-11-15 11:11:18,677 17 RPUD.SewerMainFlushing reports for Nov 14, 2016
2016-11-15 11:11:46,730 ******************Export Flushing Report******************
2016-11-15 11:11:53,299 17 RPUD.SewerMainFlushing reports for Nov 14, 2016
2016-11-15 11:14:50,007 ******************Export Flushing Report******************
2016-11-15 11:14:56,061 17 RPUD.SewerMainFlushing reports for Nov 14, 2016
2016-11-15 11:17:42,323 ******************Export Flushing Report******************
2016-11-15 11:17:48,421 17 RPUD.SewerMainFlushing reports for Nov 14, 2016
2016-11-15 11:18:20,006 ******************Export Flushing Report******************
2016-11-15 11:18:25,980 17 RPUD.SewerMainFlushing reports for Nov 14, 2016
2016-11-15 11:20:18,936 ******************Export Flushing Report******************
2016-11-15 11:20:25,084 17 RPUD.SewerMainFlushing reports for Nov 14, 2016
2016-11-15 11:20:55,352 ******************Export Flushing Report******************
2016-11-15 11:21:01,415 17 RPUD.SewerMainFlushing reports for Nov 14, 2016
2016-11-15 11:25:02,769 ******************Export Flushing Report******************
2016-11-15 11:25:08,697 17 RPUD.SewerMainFlushing reports for Nov 14, 2016
2016-11-15 11:25:26,075 ******************Export Flushing Report******************
2016-11-15 11:25:31,776 17 RPUD.SewerMainFlushing reports for Nov 14, 2016
2016-11-15 11:25:58,328 ******************Export Flushing Report******************
2016-11-15 11:26:04,155 17 RPUD.SewerMainFlushing reports for Nov 14, 2016
2016-11-15 11:26:46,634 ******************Export Flushing Report******************
2016-11-15 11:26:52,270 17 RPUD.SewerMainFlushing reports for Nov 14, 2016
2016-11-15 11:27:08,434 ******************Export Flushing Report******************
2016-11-15 11:27:14,039 17 RPUD.SewerMainFlushing reports for Nov 14, 2016
2016-11-15 11:34:29,328 ******************Export Flushing Report******************
2016-11-15 11:34:35,344 17 RPUD.SewerMainFlushing reports for Nov 14, 2016
2016-11-15 11:35:12,792 ******************Export Flushing Report******************
2016-11-15 11:35:18,816 17 RPUD.SewerMainFlushing reports for Nov 14, 2016
2016-11-15 11:36:20,390 ******************Export Flushing Report******************
2016-11-15 11:36:26,384 17 RPUD.SewerMainFlushing reports for Nov 14, 2016
2016-11-15 11:37:03,062 ******************Export Flushing Report******************
2016-11-15 11:37:09,071 17 RPUD.SewerMainFlushing reports for Nov 14, 2016
2016-11-15 11:44:00,661 ******************Export Flushing Report******************
2016-11-15 11:44:06,706 17 RPUD.SewerMainFlushing reports for Nov 14, 2016
2016-11-15 11:44:34,148 ******************Export Flushing Report******************
2016-11-15 11:44:40,355 17 RPUD.SewerMainFlushing reports for Nov 14, 2016
2016-11-15 12:05:17,007 ******************Export Flushing Report******************
2016-11-15 12:05:22,582 17 RPUD.SewerMainFlushing reports for Nov 14, 2016
2016-11-15 12:06:36,621 ******************Export Flushing Report******************
2016-11-15 12:06:42,387 17 RPUD.SewerMainFlushing reports for Nov 14, 2016
2016-11-15 12:06:51,065 ******************Export Flushing Report******************
2016-11-15 12:06:56,681 17 RPUD.SewerMainFlushing reports for Nov 14, 2016
2016-11-15 12:07:40,654 ******************Export Flushing Report******************
2016-11-15 12:07:46,223 17 RPUD.SewerMainFlushing reports for Nov 14, 2016
2016-11-15 12:11:49,288 ******************Export Flushing Report******************
2016-11-15 12:11:54,966 17 RPUD.SewerMainFlushing reports for Nov 14, 2016
2016-11-15 12:12:22,076 ******************Export Flushing Report******************
2016-11-15 12:12:28,063 17 RPUD.SewerMainFlushing reports for Nov 14, 2016
2016-11-15 12:13:47,263 ******************Export Flushing Report******************
2016-11-15 12:13:52,897 17 RPUD.SewerMainFlushing reports for Nov 14, 2016
2016-11-15 12:15:47,302 ******************Export Flushing Report******************
2016-11-15 12:15:53,240 17 RPUD.SewerMainFlushing reports for Nov 14, 2016
2016-11-15 12:16:35,779 ******************Export Flushing Report******************
2016-11-15 12:16:41,707 17 RPUD.SewerMainFlushing reports for Nov 14, 2016
2016-11-15 12:27:54,621 ******************Export Flushing Report******************
2016-11-15 12:28:00,812 17 RPUD.SewerMainFlushing reports for Nov 14, 2016
2016-11-15 12:28:02,897 2 RPUD.SewerMHFlushing reports for Nov 14, 2016
2016-11-15 12:28:03,105 Email sent to sewer
2016-11-15 12:45:38,740 ******************Export Flushing Report******************
2016-11-15 12:45:44,529 17 RPUD.SewerMainFlushing reports for Nov 14, 2016
2016-11-15 12:50:00,369 ******************Export Flushing Report******************
2016-11-15 12:50:05,970 17 RPUD.SewerMainFlushing reports for Nov 14, 2016
2016-11-15 12:53:13,657 ******************Export Flushing Report******************
2016-11-15 12:53:19,302 17 RPUD.SewerMainFlushing reports for Nov 14, 2016
2016-11-15 12:53:21,378 2 RPUD.SewerMHFlushing reports for Nov 14, 2016
2016-11-15 12:53:21,424 Email sent to sewer
